20230929	18:57:50	da6cc20c-2a6d-479f-ba79-b71477ac0e0c	OPTIONS	/user/dp?ID=6513a915cd030e24161e3550	http://localhost:3000
20230929	18:57:50	a764d206-dca6-4bb8-a717-ba25b881b20b	OPTIONS	/user/get_modules?ID=6513a915cd030e24161e3550	http://localhost:3000
20230929	18:57:50	051717f6-eeec-46a6-90c7-615657dfe142	GET	/user/dp?ID=6513a915cd030e24161e3550	http://localhost:3000
20230929	18:57:50	a9e63ab1-9e62-4f48-8cde-dacf56af14fa	GET	/user/get_modules?ID=6513a915cd030e24161e3550	http://localhost:3000
20230929	19:02:15	b95f2dca-76c3-4f89-8bf3-0f9f3e2d9a03	OPTIONS	/user/login	http://localhost:3000
20230929	19:02:15	fa23bd6c-e727-4ad9-bd5e-e2200234fe0d	POST	/user/login	http://localhost:3000
20230929	19:02:15	43b0fde3-3dc7-4254-8b19-4a6d626642fd	GET	/announcement/get_announcements	http://localhost:3000
20230929	19:07:50	adaa9e1e-1fda-4a38-93ff-e192ba31df43	OPTIONS	/user/dp?ID=6513a805cd030e24161e354f	http://localhost:3000
20230929	19:07:50	d33a7a1b-ee79-43fa-9dbf-730ec329dbda	OPTIONS	/user/dp?ID=6513a805cd030e24161e354f	http://localhost:3000
20230929	19:07:50	86dcc669-a1ce-44ec-8076-76cfba3a1269	OPTIONS	/user/get_user?ID=6513a805cd030e24161e354f	http://localhost:3000
20230929	19:07:50	3ea53c2d-a12f-4e2c-82fa-a7a7caaeebe1	GET	/user/dp?ID=6513a805cd030e24161e354f	http://localhost:3000
20230929	19:07:50	3e2bcf1c-ba06-4f69-aa44-c4c19aa6bec1	GET	/user/get_user?ID=6513a805cd030e24161e354f	http://localhost:3000
20230929	19:07:51	b218ad3d-8002-426d-bd61-db039b3747aa	GET	/user/dp?ID=6513a805cd030e24161e354f	http://localhost:3000
20230929	19:29:17	5cb4b4e8-77b2-4c1d-a0ef-8b5a9575d208	OPTIONS	/user/login	http://localhost:3000
20230929	19:29:17	28e6cee6-a034-4ed3-96a2-8cbc1d58dcc0	POST	/user/login	http://localhost:3000
20230929	19:29:17	7750794e-1f0a-485b-85cb-f2fa9a9af59a	GET	/announcement/get_announcements	http://localhost:3000
20230929	19:29:37	d6b86833-3b6d-4b22-adc3-0dcad1a9ca04	OPTIONS	/user/dp?ID=6513a805cd030e24161e354f	http://localhost:3000
20230929	19:29:37	023d89db-4054-4c34-97cb-d3d3dc458d99	OPTIONS	/user/dp?ID=6513a805cd030e24161e354f	http://localhost:3000
20230929	19:29:37	693d4458-c79c-4cc8-9534-0b4bd2247222	OPTIONS	/user/get_user?ID=6513a805cd030e24161e354f	http://localhost:3000
20230929	19:29:37	38959bcd-7289-46ab-a5ab-c093652d77d8	GET	/user/dp?ID=6513a805cd030e24161e354f	http://localhost:3000
20230929	19:29:37	df8dfafa-8bb0-4b78-bfa5-b17498d24233	GET	/user/get_user?ID=6513a805cd030e24161e354f	http://localhost:3000
20230929	19:29:37	43aa57a2-0dd8-4d85-b39d-783914635813	GET	/user/dp?ID=6513a805cd030e24161e354f	http://localhost:3000
20230929	19:30:31	f4c780e2-d6ad-489e-975f-0abfc29eab39	OPTIONS	/user/login	http://localhost:3000
20230929	19:30:31	3bde2236-2b19-48f8-a11c-bdb55c0305fb	POST	/user/login	http://localhost:3000
20230929	19:30:35	66255bf4-2695-41d7-b2b1-86d455d4b6d4	POST	/user/login	http://localhost:3000
20230929	19:30:54	7af83ba6-c1d0-4140-b47a-8b374a209fdd	OPTIONS	/user/login	http://localhost:3000
20230929	19:30:54	37ed3332-b916-478a-8be6-a69939abcc47	POST	/user/login	http://localhost:3000
20230929	19:30:59	b05ae023-a10e-482f-bfb8-958ec5848efb	POST	/user/login	http://localhost:3000
20230929	19:31:00	76f72cd4-a0c0-4b96-83a5-122d4371bfbc	OPTIONS	/user/login	http://localhost:3000
20230929	19:31:00	7f0e1285-9423-490d-be22-c85c955aa537	POST	/user/login	http://localhost:3000
20230929	19:31:04	3a19c8ce-5c4a-4d92-a82b-8f75cce6f046	POST	/user/login	http://localhost:3000
20230929	19:31:05	0b90fbe4-2e10-4060-a3d9-56b79385d973	OPTIONS	/user/login	http://localhost:3000
20230929	19:31:05	3db891e1-d46c-43f6-972f-5a173c8db6a8	POST	/user/login	http://localhost:3000
20230929	19:31:06	25b085b1-0064-497b-bf41-7e4254b525ca	POST	/user/login	http://localhost:3000
20230929	19:31:07	c6f7e1aa-cdde-4f0f-b4f1-bcce61abf9c0	POST	/user/login	http://localhost:3000
20230929	19:31:10	b948fec4-722e-4895-9449-31f07942c31c	POST	/user/login	http://localhost:3000
20230929	19:31:10	771ea0f1-35e5-4661-b8b6-8af5928a9a52	OPTIONS	/user/login	http://localhost:3000
20230929	19:31:10	0c705030-16b9-449d-9a72-f095817b66ae	POST	/user/login	http://localhost:3000
20230929	19:50:40	f046757d-6aca-4d4f-a892-44abeeea194e	OPTIONS	/user/dp?ID=null	http://localhost:3000
20230929	19:50:40	64ccffd7-8a36-4b74-a4f6-4a57af9bd668	GET	/user/dp?ID=null	http://localhost:3000
20230929	19:55:54	058fd9e6-293d-4595-abae-dc62c2f3e4cb	OPTIONS	/user/dp?ID=null	http://localhost:3000
20230929	19:55:54	5ca30c7a-0a86-42eb-a17e-0c2d6bd66164	GET	/user/dp?ID=null	http://localhost:3000
20230929	19:56:13	5f8756a3-49d9-42a3-9795-434c289a4d46	OPTIONS	/user/login	http://localhost:3000
20230929	19:56:13	769c19b4-5879-4d39-85a3-dac8ca643fa8	POST	/user/login	http://localhost:3000
20230929	19:56:17	13c51364-9e87-41e5-80df-2538896cd7ed	POST	/user/login	http://localhost:3000
20230929	19:56:22	71fe4cf9-8214-4f82-b406-a83de585a71a	OPTIONS	/user/login	http://localhost:3000
20230929	19:56:22	3e3604c9-9f6e-4c90-884e-bee27b5929a6	POST	/user/login	http://localhost:3000
20230929	19:56:26	575c8459-5d1e-4f62-8e4f-21df6b14bdce	POST	/user/login	http://localhost:3000
20230929	19:56:32	1b427c3c-31e6-4d16-a54f-bac6f283b8c1	OPTIONS	/user/login	http://localhost:3000
20230929	19:56:32	05abecd5-a960-466a-8215-ab77862d8e39	POST	/user/login	http://localhost:3000
20230929	19:56:37	b06bf3a4-baa2-4dff-adaf-115fff24a894	OPTIONS	/user/login	http://localhost:3000
20230929	19:56:37	a22adbd7-87d5-4444-b50d-ad0901d822a4	POST	/user/login	http://localhost:3000
20230929	19:57:34	ef0411c0-51e3-4a33-b990-5e1f7d34cba9	OPTIONS	/user/login	http://localhost:3000
20230929	19:57:34	e8add62f-047c-4f5c-a77d-b515ebb7cf54	POST	/user/login	http://localhost:3000
20230929	19:57:40	36fab986-a1e8-416f-ab74-dfa39b198233	OPTIONS	/user/login	http://localhost:3000
20230929	19:57:40	9531e5a4-2826-498a-af37-85d2a249765a	POST	/user/login	http://localhost:3000
20230929	19:57:40	1e2212d8-fe9d-47bd-89c2-18ae4a3f06b0	GET	/announcement/get_announcements	http://localhost:3000
20230929	19:57:47	2382d50a-a44d-43b8-a185-281eadea197a	OPTIONS	/user/dp?ID=6513a805cd030e24161e354f	http://localhost:3000
20230929	19:57:47	fa232c15-d693-4432-af0f-cb8289ac004f	OPTIONS	/user/dp?ID=6513a805cd030e24161e354f	http://localhost:3000
20230929	19:57:47	e8a9de0c-b833-4c68-bbe0-06fa15bd90fc	OPTIONS	/user/get_user?ID=6513a805cd030e24161e354f	http://localhost:3000
20230929	19:57:47	87caa4bf-b7b6-400b-bd91-0906687a4e82	GET	/user/dp?ID=6513a805cd030e24161e354f	http://localhost:3000
20230929	19:57:47	2a8186b5-9343-4a20-baa8-59f7ad35cfa9	GET	/user/get_user?ID=6513a805cd030e24161e354f	http://localhost:3000
20230929	19:57:48	aca44488-b79c-42aa-81ff-3d27af7bc95f	GET	/user/dp?ID=6513a805cd030e24161e354f	http://localhost:3000
20230929	19:57:51	6908d896-6198-4e64-b658-05458032a99b	OPTIONS	/user/get_modules?ID=6513a805cd030e24161e354f	http://localhost:3000
20230929	19:57:51	1e6ce025-0a29-46e8-a7af-1493feeb7a18	GET	/user/get_modules?ID=6513a805cd030e24161e354f	http://localhost:3000
20230929	19:58:36	e7194cb2-621a-4b7e-a990-d7b847f87fde	OPTIONS	/user/login	http://localhost:3000
20230929	19:58:36	703ca8b0-be68-4790-b84a-e68335a69d9f	POST	/user/login	http://localhost:3000
20230929	19:58:41	420cd5bf-734e-4155-af86-612b82d4bf38	OPTIONS	/user/login	http://localhost:3000
20230929	19:58:41	4e01fe73-1e92-4072-830d-e3e7e058d463	POST	/user/login	http://localhost:3000
20230929	19:58:46	c2a522e8-6bf4-4735-b866-f5d5e0baf085	POST	/user/login	http://localhost:3000
20230929	19:58:49	842252eb-0f84-413c-9bf1-89988099d568	OPTIONS	/user/login	http://localhost:3000
20230929	19:58:49	44dbb24b-1e71-456e-8d17-80ffeed172b4	POST	/user/login	http://localhost:3000
20230929	19:58:51	1d2bca64-e957-453e-8e55-3f7f7a8678c6	POST	/user/login	http://localhost:3000
20230929	19:58:52	24b7103c-e06a-4b70-bf63-9698f971e14a	POST	/user/login	http://localhost:3000
20230929	20:04:58	c38d3dc4-80d1-43b5-b902-49a6c3539ae9	OPTIONS	/user/login	http://localhost:3000
20230929	20:04:58	9cc85565-4828-4188-8c12-e8b09a36bbe9	POST	/user/login	http://localhost:3000
20230929	20:05:00	a650a812-dae2-4d59-85b8-1bca5909b61c	POST	/user/login	http://localhost:3000
20230929	20:05:02	0972da1c-1d61-45a5-8e50-e3f286dc24c9	POST	/user/login	http://localhost:3000
20230929	20:05:04	cd5fdf8d-0d6f-4283-8174-c5f46c19a221	OPTIONS	/user/login	http://localhost:3000
20230929	20:05:04	6dede718-0eeb-4f74-82ed-61ca6c656f4a	POST	/user/login	http://localhost:3000
20230929	20:05:07	d5fb70ef-ac00-44ea-96e7-885f2b26114b	POST	/user/login	http://localhost:3000
20230929	20:05:09	ecc42dbd-d2ed-4c57-90ca-71c813d4a19c	POST	/user/login	http://localhost:3000
20230929	20:05:45	cc88c71b-5e12-4d7d-b837-ef2ea6f80fa1	OPTIONS	/user/login	http://localhost:3000
20230929	20:05:45	c33d05c4-9c0b-4f3e-afd5-8ea85f6bf665	POST	/user/login	http://localhost:3000
20230929	20:05:49	40bac885-8ddf-499c-b222-579ba056b0d8	OPTIONS	/user/dp?ID=null	http://localhost:3000
20230929	20:05:49	3007cb06-86b9-426b-a05f-4ebb390fee8f	GET	/user/dp?ID=null	http://localhost:3000
20230929	20:07:25	f6668812-7c3f-4728-bb81-28a384c0b7a7	OPTIONS	/user/login	http://localhost:3000
20230929	20:07:25	970138b1-43fa-4cd9-bef0-8fe30649f1a6	POST	/user/login	http://localhost:3000
20230929	20:07:25	760390fe-d555-487a-b6df-bf8675987823	GET	/announcement/get_announcements	http://localhost:3000
20230929	20:07:31	d6e85e4b-6d59-4732-ac3f-388af8666e87	OPTIONS	/user/dp?ID=6513a805cd030e24161e354f	http://localhost:3000
20230929	20:07:31	68be754a-332e-443a-8959-904b7f0cd935	OPTIONS	/user/dp?ID=6513a805cd030e24161e354f	http://localhost:3000
20230929	20:07:31	85495ddc-76c7-40db-bdd1-04ba003a78eb	OPTIONS	/user/get_user?ID=6513a805cd030e24161e354f	http://localhost:3000
20230929	20:07:31	76a91cf8-0f18-4fdb-86c9-e0b2defb0c80	GET	/user/dp?ID=6513a805cd030e24161e354f	http://localhost:3000
20230929	20:07:31	6f92cfe5-8e1f-44de-806b-d62b4d0154fb	GET	/user/get_user?ID=6513a805cd030e24161e354f	http://localhost:3000
20230929	20:07:31	251d5b49-1a0e-48ad-a35a-02f11c7098cd	GET	/user/dp?ID=6513a805cd030e24161e354f	http://localhost:3000
20230929	20:07:56	d9e5c60a-ed32-4c73-b859-3224098aeb5f	OPTIONS	/user/login	http://localhost:3000
20230929	20:07:56	003932ba-cc33-45e0-bf44-69ab066af7a2	POST	/user/login	http://localhost:3000
20230929	20:07:58	ca5b8886-debe-4e5d-852d-3678f81e6cae	POST	/user/login	http://localhost:3000
20230929	20:08:01	f8348457-7436-4870-8bec-dd4d946b292e	OPTIONS	/user/login	http://localhost:3000
20230929	20:08:01	2711b089-1b46-467e-b130-70eaccdc1905	POST	/user/login	http://localhost:3000
20230929	20:08:02	c0bb53da-e8c3-4a5e-9872-4361dbf04dc4	POST	/user/login	http://localhost:3000
20230929	20:08:05	466a9f81-34f7-4f70-adb0-394a2cff75ca	POST	/user/login	http://localhost:3000
20230929	20:09:02	9dfb1e61-d134-43cb-bfe4-15be36a46440	OPTIONS	/user/dp?ID=6513a805cd030e24161e354f	http://localhost:3000
20230929	20:09:02	e6c50c78-9492-4d7e-960b-03ab248da0a5	GET	/user/dp?ID=6513a805cd030e24161e354f	http://localhost:3000
20230929	20:12:04	1c4b3038-03a9-4a11-936f-84c88455a1dd	OPTIONS	/user/login	http://localhost:3000
20230929	20:12:04	d94179b6-aee1-4b70-ac78-7bdee87fbbc1	POST	/user/login	http://localhost:3000
20230929	20:12:06	c79cbc48-9ef4-44c8-8bba-fe7331885d6b	POST	/user/login	http://localhost:3000
20230929	20:12:07	7cc39dc5-c526-4991-9b20-c4a3f3a9e9bd	POST	/user/login	http://localhost:3000
20230929	20:12:08	67f15e21-ca62-4cf2-8e32-67dbded60ed3	POST	/user/login	http://localhost:3000
20230929	20:12:10	2750eed1-22ae-41d9-9265-2abe16bf65bf	OPTIONS	/user/login	http://localhost:3000
20230929	20:12:10	181d95bb-d8e2-4339-b7c1-a2968e0f3edc	POST	/user/login	http://localhost:3000
20230929	20:12:12	15a27880-c0f9-461e-adab-b3e347ccdb6e	POST	/user/login	http://localhost:3000
20230929	20:12:50	9aab9ee6-3877-4952-a01e-08966b6438dd	OPTIONS	/user/login	http://localhost:3000
20230929	20:12:50	e05a6865-6c8c-4d31-9062-d70a9b90ba94	POST	/user/login	http://localhost:3000
20230929	20:13:23	278d4584-b4c0-42dd-a62d-df5fd41fdeb5	OPTIONS	/user/login	http://localhost:3000
20230929	20:13:23	0a911ead-e04e-46cf-92ae-8759fafab409	POST	/user/login	http://localhost:3000
20230929	20:13:27	50f450be-15ce-4ccb-b4f4-539c379d6e98	POST	/user/login	http://localhost:3000
20230929	20:13:30	17eda9ae-e6e4-4165-babc-e13beff084dd	OPTIONS	/user/login	http://localhost:3000
20230929	20:13:30	c97e2d85-7825-42f7-85d7-c950d6e8f811	POST	/user/login	http://localhost:3000
20230929	20:13:31	a3255c4c-fcaa-4287-a2a5-f24ebf806ecc	POST	/user/login	http://localhost:3000
20230929	20:13:32	d83e47cc-6750-40d9-b43d-f248c4ff111d	POST	/user/login	http://localhost:3000
20230929	20:13:33	36add9c9-1e16-4f6b-bbec-30fbdc8a5ec2	POST	/user/login	http://localhost:3000
20230929	20:16:47	c0012419-afbb-4c5f-a226-db13b15946dd	POST	/user/login	undefined
20230929	20:17:15	c4f9f797-cdeb-41b3-a2cf-5b8e400969e2	POST	/user/login	undefined
20230929	20:17:17	fece80b9-22b0-437d-9c53-352e67decc83	POST	/user/login	undefined
20230929	20:17:18	643ddeb1-c0ea-416b-b7d5-c1d0920b19a3	POST	/user/login	undefined
20230929	20:17:19	35f457f3-4a70-4210-a710-910e4ee68750	POST	/user/login	undefined
20230929	20:17:21	3de31ae3-a2dc-47b9-bd29-d3d2f2f947cd	POST	/user/login	undefined
20230929	20:19:08	b7abcab0-c1cf-45e4-9b83-5ee3705e39f2	OPTIONS	/user/login	http://localhost:3000
20230929	20:19:08	fd10e528-f85b-493a-bdca-0fe96ac25bcb	POST	/user/login	http://localhost:3000
20230929	20:19:10	f139a6b1-82ab-4053-85a8-5db84ffe2d74	POST	/user/login	http://localhost:3000
20230929	20:19:12	4b33197c-392d-42eb-9964-bff294a59e50	POST	/user/login	http://localhost:3000
20230929	20:19:15	24081452-64e9-4dcc-981b-c31ba39f4523	OPTIONS	/user/login	http://localhost:3000
20230929	20:19:15	6628d81e-ad38-48d4-a5ac-4d691d719e55	POST	/user/login	http://localhost:3000
20230929	20:19:16	9838c5ad-d8fb-43ae-a329-7032a0b6bf0c	POST	/user/login	http://localhost:3000
20230929	20:19:17	93f1da72-289d-47a8-912b-ac2395b122d9	POST	/user/login	http://localhost:3000
20230929	20:24:52	a0c00cb8-af0f-4322-90c1-fdf2a2ac3d4b	OPTIONS	/user/login	http://localhost:3000
20230929	20:24:52	dc55ef2f-abbf-4c3e-bb20-479009c9f0ae	POST	/user/login	http://localhost:3000
20230929	20:24:53	809c3eb9-1574-45b4-a1be-2e84da95df2f	POST	/user/login	http://localhost:3000
20230929	20:24:54	4647da36-0341-42b8-81fc-47de2a24d838	POST	/user/login	http://localhost:3000
20230929	20:24:55	61c60921-1687-4153-b88c-f0775be9cc6a	POST	/user/login	http://localhost:3000
20230929	20:24:56	daf47475-a5e1-4d7c-8493-38889cc2e3bb	POST	/user/login	http://localhost:3000
20230929	20:24:56	e183617c-7c1c-40b0-a375-f0e19f056fc3	POST	/user/login	http://localhost:3000
20230929	20:25:50	d9e09329-27d4-4ade-985d-960855342955	OPTIONS	/user/login	http://localhost:3000
20230929	20:25:50	b55f2b6a-4629-4922-b9d2-3c28e8e9e05a	POST	/user/login	http://localhost:3000
20230929	20:26:44	877a535d-0172-40a8-934d-152af00fb077	OPTIONS	/user/login	http://localhost:3000
20230929	20:26:44	18adc572-926f-4579-8c3d-98c17da9e07c	POST	/user/login	http://localhost:3000
20230929	20:26:46	90142d42-3ae6-4ccf-938c-2c466a295206	POST	/user/login	http://localhost:3000
20230929	20:26:47	baa135b7-6f1e-4931-88e6-e579bc06e646	POST	/user/login	http://localhost:3000
20230929	20:26:48	f97f1d3b-4d57-4a87-b79d-25c43d1e1f29	POST	/user/login	http://localhost:3000
20230929	20:26:49	b0586df0-8695-46c2-a19f-3a96d59daa7a	OPTIONS	/user/login	http://localhost:3000
20230929	20:26:49	9327a926-6d38-4ca6-b4fa-5dd12cbbf2ea	POST	/user/login	http://localhost:3000
20230929	20:26:50	d2084a80-4004-4b14-ba97-685c7847e289	POST	/user/login	http://localhost:3000
20230929	20:26:58	dcec2592-a363-486c-9387-db9f50a41dd1	OPTIONS	/user/login	http://localhost:3000
20230929	20:26:58	476a36f9-b672-4060-9741-1ac4704b107c	POST	/user/login	http://localhost:3000
20230929	20:27:02	237e5bf2-9417-470b-9550-e8c3efd80989	POST	/user/login	http://localhost:3000
20230929	20:27:06	00e9a2d2-ac20-4c74-8979-585cb436c4db	OPTIONS	/user/login	http://localhost:3000
20230929	20:27:06	cae21dfc-0257-4cfb-a4f7-d63936b99f76	POST	/user/login	http://localhost:3000
20230929	20:27:09	ab00d632-6c03-4d46-87f9-725d3d427872	POST	/user/login	http://localhost:3000
20230929	20:27:13	ab55a51e-3b76-41e4-8818-0d9c2424877d	OPTIONS	/user/login	http://localhost:3000
20230929	20:27:13	fbb565af-f33f-4e15-a48c-1c07454492b9	POST	/user/login	http://localhost:3000
